Start testing: Jan 06 19:22 EET
----------------------------------------------------------
11/11 Testing: ShipManagerTest.ShipMovement
11/11 Test: ShipManagerTest.ShipMovement
Command: "/home/tony/Semester 3/Challenges_and_Workshops/id-pers-semsp-25-tony-genev/ps/pirate_ship_game/build/pirate_ship_tests" "--gtest_filter=ShipManagerTest.ShipMovement" "--gtest_also_run_disabled_tests"
Directory: /home/tony/Semester 3/Challenges_and_Workshops/id-pers-semsp-25-tony-genev/ps/pirate_ship_game/build
"ShipManagerTest.ShipMovement" start time: Jan 06 19:22 EET
Output:
----------------------------------------------------------
Running main() from /home/tony/Semester 3/Challenges_and_Workshops/id-pers-semsp-25-tony-genev/ps/pirate_ship_game/build/_deps/googletest-src/googletest/src/gtest_main.cc
Note: Google Test filter = ShipManagerTest.ShipMovement
[==========] Running 1 test from 1 test suite.
[----------] Global test environment set-up.
[----------] 1 test from ShipManagerTest
[ RUN      ] ShipManagerTest.ShipMovement
[       OK ] ShipManagerTest.ShipMovement (0 ms)
[----------] 1 test from ShipManagerTest (0 ms total)

[----------] Global test environment tear-down
[==========] 1 test from 1 test suite ran. (0 ms total)
[  PASSED  ] 1 test.
<end of output>
Test time =   0.00 sec
----------------------------------------------------------
Test Passed.
"ShipManagerTest.ShipMovement" end time: Jan 06 19:22 EET
"ShipManagerTest.ShipMovement" time elapsed: 00:00:00
----------------------------------------------------------

End testing: Jan 06 19:22 EET
